2026-03-04 14:33:48 | INFO     | data simulation      | Starting Full dataset generation.....
2026-03-04 14:33:49 | INFO     | data simulation      | Batch data saved->C:\Users\HP\ACMGS\data\simulated\batch_data.csv
2026-03-04 14:33:49 | INFO     | data simulation      | Energy signals saved->C:\Users\HP\ACMGS\data\simulated\energy_signals.npy
2026-03-04 14:33:49 | INFO     | data simulation      | DataFrame shape:  (2000, 13)
2026-03-04 14:33:49 | INFO     | data simulation      | Signals shape:    (2000, 128)
2026-03-04 14:33:49 | INFO     | data simulation      | Yield range:      0.516->1.000
2026-03-04 14:33:49 | INFO     | data simulation      | Quality range     0.300->0.932
2026-03-04 14:33:49 | INFO     | data simulation      | Energyrange       171.8->500.0
2026-03-04 14:33:49 | INFO     | data simulation      | Carbon range      82.4->540.7
2026-03-04 18:51:44 | INFO     | energy_dna           | ==================================================
2026-03-04 18:51:44 | INFO     | energy_dna           | ENERGY DNA PIPLINE STARTING
2026-03-04 18:51:44 | INFO     | energy_dna           | ==================================================
2026-03-04 18:51:45 | INFO     | energy_dna           | Signals Loaded shape:(2000, 128, 1)
2026-03-04 18:51:46 | INFO     | energy_dna           | Training device:cuda
2026-03-04 18:51:50 | INFO     | energy_dna           | Epoch[ 10/50] | Avg Loss: 0.897565
2026-03-04 18:51:52 | INFO     | energy_dna           | Epoch[ 20/50] | Avg Loss: 0.658917
2026-03-04 18:51:54 | INFO     | energy_dna           | Epoch[ 30/50] | Avg Loss: 0.149116
2026-03-04 18:51:56 | INFO     | energy_dna           | Epoch[ 40/50] | Avg Loss: 0.066832
2026-03-04 18:51:58 | INFO     | energy_dna           | Epoch[ 50/50] | Avg Loss: 0.061350
2026-03-04 18:51:58 | INFO     | energy_dna           | Training Complete
2026-03-04 18:51:58 | INFO     | energy_dna           | Model Saved->C:\Users\HP\ACMGS\models\saved\lstm_autoencoder.pth
2026-03-04 18:51:58 | INFO     | energy_dna           | Embeddings extracted shape: (2000, 16)
2026-03-04 18:51:58 | INFO     | energy_dna           | Embeddings saved → C:\Users\HP\ACMGS\data\simulated\energy_embeddings.npy
2026-03-04 18:51:58 | INFO     | energy_dna           | Reconstruction error - min:0.014453|max: 0.512231
2026-03-04 18:51:58 | INFO     | energy_dna           | Anomaly threshold(p95): 0.210434
2026-03-04 18:51:58 | INFO     | energy_dna           | Anomalies flagged:100/ 2000
2026-03-04 18:51:58 | INFO     | energy_dna           | PHASE 2:COMPLETE
2026-03-09 10:29:33 | INFO     | carbon_scheduler.scheduler | ================================================================================
2026-03-09 10:29:33 | INFO     | carbon_scheduler.scheduler | 🚀 STARTING CARBON-AWARE SCHEDULER PIPELINE (PHASE 6)
2026-03-09 10:29:33 | INFO     | carbon_scheduler.scheduler | ================================================================================
2026-03-09 10:29:33 | INFO     | carbon_scheduler.scheduler | 
2026-03-09 10:29:33 | INFO     | carbon_scheduler.scheduler | This pipeline tests the scheduler with 3 representative scenarios:
2026-03-09 10:29:33 | INFO     | carbon_scheduler.scheduler |   1. Clean grid (LOW carbon) - maximize performance
2026-03-09 10:29:33 | INFO     | carbon_scheduler.scheduler |   2. Moderate grid (MEDIUM carbon) - balance objectives
2026-03-09 10:29:33 | INFO     | carbon_scheduler.scheduler |   3. Dirty grid (HIGH carbon) - minimize energy/carbon
2026-03-09 10:29:33 | INFO     | carbon_scheduler.scheduler | 
2026-03-09 10:29:33 | INFO     | carbon_scheduler.scheduler | ================================================================================
2026-03-09 10:29:33 | INFO     | carbon_scheduler.scheduler | 📊 TEST CASE 1/3: Clean Grid (LOW carbon)
2026-03-09 10:29:33 | INFO     | carbon_scheduler.scheduler |    Description: High renewable energy (solar/wind)
2026-03-09 10:29:33 | INFO     | carbon_scheduler.scheduler |    Carbon Intensity: 50.0 gCO2/kWh
2026-03-09 10:29:33 | INFO     | carbon_scheduler.scheduler | ================================================================================
2026-03-09 10:29:33 | INFO     | carbon_scheduler.scheduler | ================================================================================
2026-03-09 10:29:33 | INFO     | carbon_scheduler.scheduler | 🌍 Generating carbon-aware recommendation for carbon_intensity = 50.0 gCO2/kWh
2026-03-09 10:29:33 | INFO     | carbon_scheduler.scheduler | ================================================================================
2026-03-09 10:29:33 | ERROR    | carbon_scheduler.scheduler | Pareto solutions file not found at C:\Users\lenovo\OneDrive\Documents\carbon_aware\ACMGS---Autonomous-Carbon-Aware-Manufacturing-Genome-System\data\simulated\pareto_solutions.csv. Phase 5 (optimization) must be run first to generate this file.
2026-03-09 10:29:33 | ERROR    | carbon_scheduler.scheduler | ❌ Test case 1 failed: Pareto solutions file not found at C:\Users\lenovo\OneDrive\Documents\carbon_aware\ACMGS---Autonomous-Carbon-Aware-Manufacturing-Genome-System\data\simulated\pareto_solutions.csv. Phase 5 (optimization) must be run first to generate this file.
